2022-04-19 00:40:10 - [INFO] - Server running on port 4000.
2022-04-19 00:40:11 - [INFO] - Connected to database succesfully.
2022-04-19 00:40:14 - [INFO] - Server running on port 4000.
2022-04-19 00:40:15 - [INFO] - Connected to database succesfully.
2022-04-19 00:40:18 - [INFO] - Server running on port 4000.
2022-04-19 00:40:19 - [INFO] - Connected to database succesfully.
2022-04-19 00:40:20 - [INFO] - Server running on port 4000.
2022-04-19 00:40:20 - [INFO] - Connected to database succesfully.
2022-04-19 00:40:22 - [INFO] - Server running on port 4000.
2022-04-19 00:40:22 - [INFO] - Connected to database succesfully.
2022-04-19 00:40:25 - [INFO] - Server running on port 4000.
2022-04-19 00:40:26 - [INFO] - Connected to database succesfully.
2022-04-19 00:40:55 - [INFO] - Server running on port 4000.
2022-04-19 00:40:59 - [INFO] - Server running on port 4000.
2022-04-19 00:41:03 - [INFO] - Connected to database succesfully.
2022-04-19 00:41:12 - [INFO] - Server running on port 4000.
2022-04-19 00:41:13 - [INFO] - Connected to database succesfully.
2022-04-19 00:41:17 - [INFO] - Server running on port 4000.
2022-04-19 00:41:18 - [INFO] - Server running on port 4000.
2022-04-19 00:41:20 - [INFO] - Connected to database succesfully.
2022-04-19 00:41:22 - [INFO] - Server running on port 4000.
2022-04-19 00:41:23 - [INFO] - Connected to database succesfully.
2022-04-19 00:41:26 - [INFO] - Server running on port 4000.
2022-04-19 00:41:27 - [INFO] - Connected to database succesfully.
2022-04-19 00:41:31 - [INFO] - Server running on port 4000.
2022-04-19 00:41:33 - [INFO] - Server running on port 4000.
2022-04-19 00:41:41 - [INFO] - Connected to database succesfully.
2022-04-19 00:41:43 - [INFO] - Server running on port 4000.
2022-04-19 00:41:49 - [INFO] - Connected to database succesfully.
2022-04-19 00:41:50 - [INFO] - Server running on port 4000.
2022-04-19 00:41:51 - [INFO] - Connected to database succesfully.
2022-04-19 00:42:28 - [INFO] - Server running on port 4000.
2022-04-19 00:42:29 - [INFO] - Connected to database succesfully.
2022-04-19 00:42:31 - [INFO] - Server running on port 4000.
2022-04-19 00:42:35 - [INFO] - Connected to database succesfully.
2022-04-19 00:43:15 - [INFO] - Server running on port 4000.
2022-04-19 00:43:16 - [INFO] - Connected to database succesfully.
2022-04-19 00:43:21 - [INFO] - Server running on port 4000.
2022-04-19 00:43:24 - [INFO] - Server running on port 4000.
2022-04-19 00:43:26 - [INFO] - Connected to database succesfully.
2022-04-19 00:43:28 - [INFO] - Server running on port 4000.
2022-04-19 00:43:30 - [INFO] - Server running on port 4000.
2022-04-19 00:43:31 - [INFO] - Server running on port 4000.
2022-04-19 00:43:32 - [INFO] - Connected to database succesfully.
2022-04-19 00:43:54 - [INFO] - Server running on port 4000.
2022-04-19 00:43:58 - [INFO] - Server running on port 4000.
2022-04-19 00:43:59 - [INFO] - Connected to database succesfully.
2022-04-19 00:44:06 - [INFO] - Server running on port 4000.
2022-04-19 00:44:07 - [INFO] - Server running on port 4000.
2022-04-19 00:44:08 - [INFO] - Connected to database succesfully.
2022-04-19 00:44:27 - [INFO] - Server running on port 4000.
2022-04-19 00:44:28 - [INFO] - Server running on port 4000.
2022-04-19 00:44:30 - [INFO] - Connected to database succesfully.
2022-04-19 00:44:31 - [INFO] - Server running on port 4000.
2022-04-19 00:44:33 - [INFO] - Server running on port 4000.
2022-04-19 00:44:34 - [INFO] - Connected to database succesfully.
2022-04-19 00:44:45 - [INFO] - Server running on port 4000.
2022-04-19 00:44:47 - [INFO] - Connected to database succesfully.
2022-04-19 00:44:48 - [INFO] - Server running on port 4000.
2022-04-19 00:44:49 - [INFO] - Connected to database succesfully.
2022-04-19 00:44:50 - [INFO] - Server running on port 4000.
2022-04-19 00:44:51 - [INFO] - Server running on port 4000.
2022-04-19 00:44:52 - [INFO] - Connected to database succesfully.
2022-04-19 00:44:53 - [INFO] - Server running on port 4000.
2022-04-19 00:44:54 - [INFO] - Connected to database succesfully.
2022-04-19 00:44:56 - [INFO] - Server running on port 4000.
2022-04-19 00:44:57 - [INFO] - Connected to database succesfully.
2022-04-19 00:45:02 - [INFO] - Server running on port 4000.
2022-04-19 00:45:04 - [INFO] - Connected to database succesfully.
2022-04-19 00:45:18 - [INFO] - Server running on port 4000.
2022-04-19 00:45:25 - [INFO] - Server running on port 4000.
2022-04-19 00:45:27 - [INFO] - Server running on port 4000.
2022-04-19 00:45:29 - [INFO] - Connected to database succesfully.
2022-04-19 00:45:33 - [INFO] - Server running on port 4000.
2022-04-19 00:45:35 - [INFO] - Connected to database succesfully.
2022-04-19 00:45:36 - [INFO] - Server running on port 4000.
2022-04-19 00:45:38 - [INFO] - Server running on port 4000.
2022-04-19 00:45:40 - [INFO] - Connected to database succesfully.
2022-04-19 00:45:52 - [INFO] - Server running on port 4000.
2022-04-19 00:45:53 - [INFO] - Connected to database succesfully.
2022-04-19 00:45:58 - [INFO] - Server running on port 4000.
2022-04-19 00:45:59 - [INFO] - Connected to database succesfully.
2022-04-19 00:45:59 - [INFO] - Server running on port 4000.
2022-04-19 00:46:00 - [INFO] - Connected to database succesfully.
2022-04-19 00:46:02 - [INFO] - Server running on port 4000.
2022-04-19 00:46:03 - [INFO] - Connected to database succesfully.
2022-04-19 00:46:09 - [INFO] - Server running on port 4000.
2022-04-19 00:46:11 - [INFO] - Connected to database succesfully.
2022-04-19 00:46:35 - [INFO] - Server running on port 4000.
2022-04-19 00:46:38 - [INFO] - Server running on port 4000.
2022-04-19 00:46:40 - [ERROR] - Could not connect to database.Error: querySrv ESERVFAIL _mongodb._tcp.noderestapi.dhqcl.mongodb.net
2022-04-19 00:46:44 - [INFO] - Server running on port 4000.
2022-04-19 00:46:44 - [ERROR] - Could not connect to database.Error: querySrv ESERVFAIL _mongodb._tcp.noderestapi.dhqcl.mongodb.net
2022-04-19 00:46:55 - [INFO] - Server running on port 4000.
2022-04-19 00:46:55 - [ERROR] - Could not connect to database.Error: querySrv ESERVFAIL _mongodb._tcp.noderestapi.dhqcl.mongodb.net
2022-04-19 00:46:56 - [INFO] - Server running on port 4000.
2022-04-19 00:46:56 - [ERROR] - Could not connect to database.Error: querySrv ESERVFAIL _mongodb._tcp.noderestapi.dhqcl.mongodb.net
2022-04-19 00:47:05 - [INFO] - Server running on port 4000.
2022-04-19 00:47:05 - [ERROR] - Could not connect to database.Error: querySrv ESERVFAIL _mongodb._tcp.noderestapi.dhqcl.mongodb.net
2022-04-19 00:47:18 - [INFO] - Server running on port 4000.
2022-04-19 00:47:23 - [ERROR] - Could not connect to database.Error: querySrv ESERVFAIL _mongodb._tcp.noderestapi.dhqcl.mongodb.net
2022-04-19 00:47:28 - [INFO] - Server running on port 4000.
2022-04-19 00:47:28 - [ERROR] - Could not connect to database.Error: querySrv ESERVFAIL _mongodb._tcp.noderestapi.dhqcl.mongodb.net
2022-04-19 00:47:30 - [INFO] - Server running on port 4000.
2022-04-19 00:47:38 - [INFO] - Server running on port 4000.
2022-04-19 00:47:39 - [INFO] - Connected to database succesfully.
2022-04-19 00:48:07 - [INFO] - Server running on port 4000.
2022-04-19 00:48:09 - [INFO] - Connected to database succesfully.
2022-04-19 00:48:25 - [INFO] - Server running on port 4000.
2022-04-19 00:48:26 - [INFO] - Connected to database succesfully.
2022-04-19 00:48:28 - [INFO] - Server running on port 4000.
2022-04-19 00:48:32 - [INFO] - Server running on port 4000.
2022-04-19 00:48:33 - [INFO] - Connected to database succesfully.
2022-04-19 00:48:43 - [INFO] - Server running on port 4000.
2022-04-19 00:49:00 - [INFO] - Server running on port 4000.
2022-04-19 00:49:03 - [INFO] - Server running on port 4000.
2022-04-19 00:49:08 - [INFO] - Server running on port 4000.
2022-04-19 00:49:10 - [ERROR] - Could not connect to database.Error: querySrv ESERVFAIL _mongodb._tcp.noderestapi.dhqcl.mongodb.net
2022-04-19 00:49:32 - [INFO] - Server running on port 4000.
2022-04-19 00:49:35 - [INFO] - Server running on port 4000.
2022-04-19 00:49:35 - [ERROR] - Could not connect to database.Error: querySrv ESERVFAIL _mongodb._tcp.noderestapi.dhqcl.mongodb.net
2022-04-19 00:49:41 - [INFO] - Server running on port 4000.
2022-04-19 00:49:41 - [ERROR] - Could not connect to database.Error: querySrv ESERVFAIL _mongodb._tcp.noderestapi.dhqcl.mongodb.net
2022-04-19 00:49:51 - [INFO] - Server running on port 4000.
2022-04-19 00:49:52 - [INFO] - Server running on port 4000.
2022-04-19 00:49:55 - [INFO] - Server running on port 4000.
2022-04-19 00:49:59 - [INFO] - Connected to database succesfully.
2022-04-19 00:51:21 - [INFO] - Server running on port 4000.
2022-04-19 00:51:27 - [INFO] - Server running on port 4000.
2022-04-19 00:51:30 - [INFO] - Server running on port 4000.
2022-04-19 00:51:31 - [INFO] - Connected to database succesfully.
2022-04-19 00:51:35 - [INFO] - Server running on port 4000.
2022-04-19 00:51:39 - [INFO] - Connected to database succesfully.
2022-04-19 00:51:53 - [INFO] - Server running on port 4000.
2022-04-19 00:51:58 - [INFO] - Connected to database succesfully.
2022-04-19 00:52:14 - [INFO] - Server running on port 4000.
2022-04-19 00:52:14 - [INFO] - Connected to database succesfully.
2022-04-19 00:52:22 - [INFO] - Server running on port 4000.
2022-04-19 00:52:27 - [ERROR] - Could not connect to database.Error: querySrv ESERVFAIL _mongodb._tcp.noderestapi.dhqcl.mongodb.net
2022-04-19 00:56:14 - [INFO] - Server running on port 4000.
2022-04-19 00:56:15 - [INFO] - Connected to database succesfully.
2022-04-19 00:56:20 - [INFO] - Server running on port 4000.
2022-04-19 00:56:21 - [INFO] - Connected to database succesfully.
2022-04-19 00:56:23 - [INFO] - Server running on port 4000.
2022-04-19 00:56:23 - [INFO] - Connected to database succesfully.
2022-04-19 00:56:29 - [INFO] - Server running on port 4000.
2022-04-19 00:56:30 - [INFO] - Connected to database succesfully.
2022-04-19 00:56:33 - [INFO] - Server running on port 4000.
2022-04-19 00:56:34 - [INFO] - Connected to database succesfully.
2022-04-19 00:56:35 - [INFO] - Server running on port 4000.
2022-04-19 00:56:35 - [INFO] - Connected to database succesfully.
2022-04-19 00:56:38 - [INFO] - Server running on port 4000.
2022-04-19 00:56:39 - [INFO] - Connected to database succesfully.
2022-04-19 00:56:40 - [INFO] - Server running on port 4000.
2022-04-19 00:56:41 - [INFO] - Connected to database succesfully.
2022-04-19 00:56:45 - [INFO] - Server running on port 4000.
2022-04-19 00:56:45 - [INFO] - Connected to database succesfully.
2022-04-19 00:56:46 - [INFO] - Server running on port 4000.
2022-04-19 00:56:47 - [INFO] - Connected to database succesfully.
2022-04-19 00:56:50 - [INFO] - Server running on port 4000.
2022-04-19 00:56:51 - [INFO] - Connected to database succesfully.
2022-04-19 00:57:43 - [INFO] - Server running on port 4000.
2022-04-19 00:57:44 - [INFO] - Connected to database succesfully.
2022-04-19 00:57:48 - [INFO] - Server running on port 4000.
2022-04-19 00:57:49 - [INFO] - Connected to database succesfully.
2022-04-19 00:57:52 - [INFO] - Server running on port 4000.
2022-04-19 00:57:52 - [INFO] - Connected to database succesfully.
2022-04-19 00:57:55 - [INFO] - Server running on port 4000.
2022-04-19 00:57:56 - [INFO] - Connected to database succesfully.
2022-04-19 00:57:58 - [INFO] - Server running on port 4000.
2022-04-19 00:57:59 - [INFO] - Connected to database succesfully.
2022-04-19 00:58:01 - [INFO] - Server running on port 4000.
2022-04-19 00:58:01 - [INFO] - Connected to database succesfully.
2022-04-19 00:58:33 - [INFO] - Server running on port 4000.
2022-04-19 00:58:34 - [INFO] - Connected to database succesfully.
2022-04-19 00:59:31 - [INFO] - Server running on port 4000.
2022-04-19 00:59:31 - [INFO] - Connected to database succesfully.
2022-04-19 00:59:38 - [INFO] - Server running on port 4000.
2022-04-19 00:59:39 - [INFO] - Connected to database succesfully.
2022-04-19 00:59:51 - [INFO] - Server running on port 4000.
2022-04-19 00:59:52 - [INFO] - Connected to database succesfully.
2022-04-19 00:59:58 - [INFO] - Server running on port 4000.
2022-04-19 00:59:59 - [INFO] - Connected to database succesfully.
2022-04-19 01:00:06 - [INFO] - Server running on port 4000.
2022-04-19 01:00:07 - [INFO] - Connected to database succesfully.
2022-04-19 01:00:13 - [INFO] - Server running on port 4000.
2022-04-19 01:00:14 - [INFO] - Connected to database succesfully.
2022-04-19 01:00:32 - [INFO] - Server running on port 4000.
2022-04-19 01:00:33 - [INFO] - Connected to database succesfully.
2022-04-19 01:00:36 - [INFO] - Server running on port 4000.
2022-04-19 01:00:37 - [INFO] - Connected to database succesfully.
2022-04-19 01:00:40 - [INFO] - Server running on port 4000.
2022-04-19 01:00:40 - [INFO] - Connected to database succesfully.
2022-04-19 01:00:49 - [INFO] - Server running on port 4000.
2022-04-19 01:00:50 - [INFO] - Connected to database succesfully.
2022-04-19 01:00:56 - [INFO] - Server running on port 4000.
2022-04-19 01:00:56 - [INFO] - Connected to database succesfully.
2022-04-19 01:01:08 - [INFO] - Server running on port 4000.
2022-04-19 01:01:09 - [INFO] - Connected to database succesfully.
2022-04-19 01:01:13 - [INFO] - Server running on port 4000.
2022-04-19 01:01:13 - [INFO] - Connected to database succesfully.
2022-04-19 01:01:17 - [INFO] - Server running on port 4000.
2022-04-19 01:01:17 - [INFO] - Connected to database succesfully.
2022-04-19 01:01:25 - [INFO] - Server running on port 4000.
2022-04-19 01:01:26 - [INFO] - Connected to database succesfully.
2022-04-19 01:01:33 - [INFO] - Server running on port 4000.
2022-04-19 01:01:34 - [INFO] - Connected to database succesfully.
2022-04-19 01:01:50 - [INFO] - Server running on port 4000.
2022-04-19 01:01:51 - [INFO] - Connected to database succesfully.
2022-04-19 01:01:57 - [INFO] - Server running on port 4000.
2022-04-19 01:01:58 - [INFO] - Connected to database succesfully.
2022-04-19 01:02:29 - [INFO] - Server running on port 4000.
2022-04-19 01:02:29 - [INFO] - Connected to database succesfully.
2022-04-19 01:02:33 - [INFO] - Server running on port 4000.
2022-04-19 01:02:34 - [INFO] - Connected to database succesfully.
2022-04-19 01:02:42 - [INFO] - Server running on port 4000.
2022-04-19 01:02:42 - [INFO] - Connected to database succesfully.
2022-04-19 01:02:57 - [INFO] - Server running on port 4000.
2022-04-19 01:02:57 - [INFO] - Connected to database succesfully.
2022-04-19 01:03:03 - [INFO] - Server running on port 4000.
2022-04-19 01:03:03 - [INFO] - Connected to database succesfully.
2022-04-19 01:03:05 - [INFO] - Server running on port 4000.
2022-04-19 01:03:06 - [INFO] - Connected to database succesfully.
2022-04-19 01:03:22 - [INFO] - Server running on port 4000.
2022-04-19 01:03:22 - [INFO] - Connected to database succesfully.
2022-04-19 01:03:27 - [INFO] - Server running on port 4000.
2022-04-19 01:03:27 - [INFO] - Connected to database succesfully.
2022-04-19 01:03:32 - [INFO] - Server running on port 4000.
2022-04-19 01:03:33 - [INFO] - Connected to database succesfully.
2022-04-19 01:03:39 - [INFO] - Server running on port 4000.
2022-04-19 01:03:40 - [INFO] - Connected to database succesfully.
2022-04-19 01:03:45 - [INFO] - Server running on port 4000.
2022-04-19 01:03:46 - [INFO] - Connected to database succesfully.
2022-04-19 01:03:48 - [INFO] - Server running on port 4000.
2022-04-19 01:03:48 - [INFO] - Connected to database succesfully.
2022-04-19 01:03:51 - [INFO] - Server running on port 4000.
2022-04-19 01:03:52 - [INFO] - Connected to database succesfully.
2022-04-19 01:03:55 - [INFO] - Server running on port 4000.
2022-04-19 01:03:56 - [INFO] - Connected to database succesfully.
2022-04-19 01:03:58 - [INFO] - Server running on port 4000.
2022-04-19 01:04:00 - [INFO] - Connected to database succesfully.
2022-04-19 01:04:04 - [INFO] - Server running on port 4000.
2022-04-19 01:04:05 - [INFO] - Connected to database succesfully.
2022-04-19 01:04:08 - [INFO] - Server running on port 4000.
2022-04-19 01:04:08 - [INFO] - Connected to database succesfully.
2022-04-19 01:04:41 - [INFO] - Server running on port 4000.
2022-04-19 01:04:42 - [INFO] - Connected to database succesfully.
2022-04-19 01:04:43 - [INFO] - Server running on port 4000.
2022-04-19 01:04:44 - [INFO] - Server running on port 4000.
2022-04-19 01:04:44 - [INFO] - Connected to database succesfully.
2022-04-19 01:04:48 - [INFO] - Server running on port 4000.
2022-04-19 01:04:49 - [INFO] - Connected to database succesfully.
2022-04-19 01:05:05 - [INFO] - Server running on port 4000.
2022-04-19 01:05:05 - [INFO] - Connected to database succesfully.
2022-04-19 01:05:19 - [INFO] - Server running on port 4000.
2022-04-19 01:05:19 - [INFO] - Connected to database succesfully.
2022-04-19 01:05:43 - [INFO] - Server running on port 4000.
2022-04-19 01:05:43 - [INFO] - Connected to database succesfully.
2022-04-19 01:08:44 - [INFO] - Server running on port 4000.
2022-04-19 01:08:45 - [INFO] - Connected to database succesfully.
2022-04-19 01:08:55 - [INFO] - Server running on port 4000.
2022-04-19 01:08:56 - [INFO] - Connected to database succesfully.
2022-04-19 01:08:58 - [INFO] - Server running on port 4000.
2022-04-19 01:08:58 - [INFO] - Connected to database succesfully.
2022-04-19 01:08:59 - [INFO] - Server running on port 4000.
2022-04-19 01:09:00 - [INFO] - Connected to database succesfully.
2022-04-19 01:09:14 - [INFO] - Server running on port 4000.
2022-04-19 01:09:15 - [INFO] - Connected to database succesfully.
2022-04-19 01:09:26 - [INFO] - Server running on port 4000.
2022-04-19 01:09:27 - [INFO] - Connected to database succesfully.
2022-04-19 01:09:30 - [INFO] - Server running on port 4000.
2022-04-19 01:09:30 - [INFO] - Connected to database succesfully.
2022-04-19 01:09:32 - [INFO] - Server running on port 4000.
2022-04-19 01:09:33 - [INFO] - Connected to database succesfully.
2022-04-19 01:09:38 - [INFO] - Server running on port 4000.
2022-04-19 01:09:39 - [INFO] - Connected to database succesfully.
2022-04-19 01:10:48 - [INFO] - Server running on port 4000.
2022-04-19 01:10:49 - [INFO] - Connected to database succesfully.
2022-04-19 01:11:01 - [INFO] - Server running on port 4000.
2022-04-19 01:11:01 - [INFO] - Connected to database succesfully.
2022-04-19 01:11:36 - [INFO] - Server running on port 4000.
2022-04-19 01:11:36 - [INFO] - Connected to database succesfully.
2022-04-19 01:12:15 - [INFO] - Server running on port 4000.
2022-04-19 01:12:15 - [INFO] - Connected to database succesfully.
2022-04-19 01:12:35 - [INFO] - Server running on port 4000.
2022-04-19 01:12:36 - [INFO] - Connected to database succesfully.
2022-04-19 01:13:09 - [INFO] - Server running on port 4000.
2022-04-19 01:13:10 - [INFO] - Server running on port 4000.
2022-04-19 01:13:10 - [INFO] - Connected to database succesfully.
2022-04-19 01:13:59 - [INFO] - Server running on port 4000.
2022-04-19 01:14:00 - [INFO] - Connected to database succesfully.
2022-04-19 01:14:51 - [INFO] - Server running on port 4000.
2022-04-19 01:14:52 - [INFO] - Connected to database succesfully.
2022-04-19 01:14:56 - [INFO] - Server running on port 4000.
2022-04-19 01:14:56 - [INFO] - Connected to database succesfully.
2022-04-19 01:14:58 - [INFO] - Server running on port 4000.
2022-04-19 01:14:58 - [INFO] - Connected to database succesfully.
2022-04-19 01:15:00 - [INFO] - Server running on port 4000.
2022-04-19 01:15:01 - [INFO] - Connected to database succesfully.
2022-04-19 01:15:02 - [INFO] - Server running on port 4000.
2022-04-19 01:15:02 - [INFO] - Connected to database succesfully.
2022-04-19 01:15:07 - [INFO] - Server running on port 4000.
2022-04-19 01:15:07 - [INFO] - Connected to database succesfully.
2022-04-19 01:15:19 - [INFO] - Server running on port 4000.
2022-04-19 01:15:19 - [INFO] - Connected to database succesfully.
2022-04-19 01:15:20 - [INFO] - Server running on port 4000.
2022-04-19 01:15:20 - [INFO] - Connected to database succesfully.
2022-04-19 01:15:26 - [INFO] - Server running on port 4000.
2022-04-19 01:15:26 - [INFO] - Connected to database succesfully.
2022-04-19 01:15:28 - [INFO] - Server running on port 4000.
2022-04-19 01:15:28 - [INFO] - Connected to database succesfully.
2022-04-19 01:15:31 - [INFO] - Server running on port 4000.
2022-04-19 01:15:32 - [INFO] - Connected to database succesfully.
2022-04-19 01:15:33 - [INFO] - Server running on port 4000.
2022-04-19 01:15:34 - [INFO] - Connected to database succesfully.
2022-04-19 01:15:38 - [INFO] - Server running on port 4000.
2022-04-19 01:15:38 - [INFO] - Connected to database succesfully.
2022-04-19 01:15:39 - [INFO] - Server running on port 4000.
2022-04-19 01:15:40 - [INFO] - Connected to database succesfully.
2022-04-19 01:15:46 - [INFO] - Server running on port 4000.
2022-04-19 01:15:46 - [INFO] - Connected to database succesfully.
2022-04-19 01:15:50 - [INFO] - Server running on port 4000.
2022-04-19 01:15:51 - [INFO] - Connected to database succesfully.
2022-04-19 01:15:52 - [INFO] - Server running on port 4000.
2022-04-19 01:15:53 - [INFO] - Connected to database succesfully.
2022-04-19 01:17:19 - [INFO] - Server running on port 4000.
2022-04-19 01:17:20 - [INFO] - Connected to database succesfully.
2022-04-19 01:17:22 - [INFO] - Server running on port 4000.
2022-04-19 01:17:23 - [INFO] - Connected to database succesfully.
2022-04-19 01:18:37 - [INFO] - Server running on port 4000.
2022-04-19 01:18:38 - [INFO] - Connected to database succesfully.
2022-04-19 01:18:40 - [INFO] - Server running on port 4000.
2022-04-19 01:18:41 - [INFO] - Connected to database succesfully.
2022-04-19 01:18:41 - [INFO] - Server running on port 4000.
2022-04-19 01:18:42 - [INFO] - Connected to database succesfully.
2022-04-19 01:18:48 - [INFO] - Server running on port 4000.
2022-04-19 01:18:48 - [INFO] - Connected to database succesfully.
2022-04-19 01:19:12 - [INFO] - Server running on port 4000.
2022-04-19 01:19:13 - [INFO] - Connected to database succesfully.
2022-04-19 01:19:16 - [INFO] - Server running on port 4000.
2022-04-19 01:19:17 - [INFO] - Connected to database succesfully.
2022-04-19 01:19:24 - [INFO] - Server running on port 4000.
2022-04-19 01:19:24 - [INFO] - Connected to database succesfully.
2022-04-19 01:19:30 - [INFO] - Server running on port 4000.
2022-04-19 01:19:31 - [INFO] - Connected to database succesfully.
2022-04-19 01:19:42 - [INFO] - Server running on port 4000.
2022-04-19 01:19:43 - [INFO] - Connected to database succesfully.
2022-04-19 01:19:47 - [INFO] - Server running on port 4000.
2022-04-19 01:19:48 - [INFO] - Connected to database succesfully.
2022-04-19 01:19:54 - [INFO] - Server running on port 4000.
2022-04-19 01:19:55 - [INFO] - Connected to database succesfully.
2022-04-19 01:20:00 - [INFO] - Server running on port 4000.
2022-04-19 01:20:01 - [INFO] - Connected to database succesfully.
2022-04-19 01:20:02 - [INFO] - Server running on port 4000.
2022-04-19 01:20:03 - [INFO] - Connected to database succesfully.
2022-04-19 01:20:32 - [INFO] - Server running on port 4000.
2022-04-19 01:20:32 - [INFO] - Connected to database succesfully.
2022-04-19 01:20:35 - [INFO] - Server running on port 4000.
2022-04-19 01:20:36 - [INFO] - Connected to database succesfully.
2022-04-19 01:20:37 - [INFO] - Server running on port 4000.
2022-04-19 01:20:38 - [INFO] - Connected to database succesfully.
2022-04-19 01:21:10 - [INFO] - Server running on port 4000.
2022-04-19 01:21:11 - [INFO] - Connected to database succesfully.
2022-04-19 01:21:12 - [INFO] - Server running on port 4000.
2022-04-19 01:21:13 - [INFO] - Connected to database succesfully.
2022-04-19 01:21:15 - [INFO] - Server running on port 4000.
2022-04-19 01:21:15 - [INFO] - Connected to database succesfully.
2022-04-19 01:21:18 - [INFO] - Server running on port 4000.
2022-04-19 01:21:19 - [INFO] - Connected to database succesfully.
2022-04-19 01:21:21 - [INFO] - Server running on port 4000.
2022-04-19 01:21:22 - [INFO] - Connected to database succesfully.
2022-04-19 01:21:25 - [INFO] - Server running on port 4000.
2022-04-19 01:21:26 - [INFO] - Connected to database succesfully.
2022-04-19 01:22:42 - [INFO] - Server running on port 4000.
2022-04-19 01:22:43 - [INFO] - Connected to database succesfully.
2022-04-19 01:22:49 - [INFO] - Server running on port 4000.
2022-04-19 01:22:50 - [INFO] - Connected to database succesfully.
2022-04-19 01:22:55 - [INFO] - Server running on port 4000.
2022-04-19 01:22:56 - [INFO] - Connected to database succesfully.
2022-04-19 01:23:21 - [INFO] - Server running on port 4000.
2022-04-19 01:23:22 - [INFO] - Connected to database succesfully.
2022-04-19 01:23:28 - [INFO] - Server running on port 4000.
2022-04-19 01:23:28 - [INFO] - Connected to database succesfully.
2022-04-19 01:23:32 - [INFO] - Server running on port 4000.
2022-04-19 01:23:33 - [INFO] - Connected to database succesfully.
2022-04-19 01:25:49 - [INFO] - Server running on port 4000.
2022-04-19 01:25:50 - [INFO] - Connected to database succesfully.
2022-04-19 01:25:59 - [INFO] - Server running on port 4000.
2022-04-19 01:26:00 - [INFO] - Connected to database succesfully.
2022-04-19 01:26:10 - [INFO] - Server running on port 4000.
2022-04-19 01:26:11 - [INFO] - Connected to database succesfully.
2022-04-19 01:37:29 - [ERROR] - Unathenticated action.
2022-04-19 01:41:18 - [INFO] - Server running on port 4000.
2022-04-19 01:41:20 - [INFO] - Connected to database succesfully.
2022-04-19 01:41:27 - [INFO] - Server running on port 4000.
2022-04-19 01:41:27 - [INFO] - Connected to database succesfully.
2022-04-19 01:41:42 - [INFO] - Server running on port 4000.
2022-04-19 01:41:42 - [INFO] - Connected to database succesfully.
2022-04-23 16:34:30 - [INFO] - Server running on port 4000.
2022-04-23 16:34:30 - [INFO] - Connected to database succesfully.
2022-04-23 16:58:07 - [INFO] - Server running on port 4000.
2022-04-23 16:58:13 - [INFO] - Server running on port 4000.
2022-04-23 16:58:14 - [INFO] - Connected to database succesfully.
2022-04-23 16:58:27 - [INFO] - Server running on port 4000.
2022-04-23 16:58:28 - [INFO] - Connected to database succesfully.
2022-04-23 16:59:01 - [INFO] - Server running on port 4000.
2022-04-23 16:59:02 - [INFO] - Connected to database succesfully.
2022-04-23 16:59:04 - [INFO] - Server running on port 4000.
2022-04-23 16:59:04 - [INFO] - Connected to database succesfully.
2022-04-23 16:59:05 - [INFO] - Server running on port 4000.
2022-04-23 16:59:06 - [INFO] - Connected to database succesfully.
2022-04-23 16:59:14 - [INFO] - Server running on port 4000.
2022-04-23 16:59:15 - [INFO] - Connected to database succesfully.
2022-04-23 16:59:22 - [INFO] - Server running on port 4000.
2022-04-23 16:59:22 - [INFO] - Connected to database succesfully.
2022-04-23 16:59:37 - [INFO] - Server running on port 4000.
2022-04-23 16:59:38 - [INFO] - Connected to database succesfully.
2022-04-23 17:00:03 - [INFO] - Server running on port 4000.
2022-04-23 17:00:04 - [INFO] - Connected to database succesfully.
2022-04-23 17:00:08 - [INFO] - Server running on port 4000.
2022-04-23 17:00:09 - [INFO] - Connected to database succesfully.
2022-04-23 17:00:21 - [INFO] - Server running on port 4000.
2022-04-23 17:00:22 - [INFO] - Connected to database succesfully.
2022-04-23 17:00:37 - [INFO] - Server running on port 4000.
2022-04-23 17:00:38 - [INFO] - Connected to database succesfully.
2022-04-23 17:00:39 - [INFO] - Server running on port 4000.
2022-04-23 17:00:39 - [INFO] - Connected to database succesfully.
2022-04-23 17:00:45 - [INFO] - Server running on port 4000.
2022-04-23 17:00:46 - [INFO] - Connected to database succesfully.
2022-04-23 17:00:49 - [INFO] - Server running on port 4000.
2022-04-23 17:00:50 - [INFO] - Connected to database succesfully.
2022-04-23 17:11:20 - [ERROR] - Unathenticated action.
2022-04-23 17:11:22 - [ERROR] - Unathenticated action.
2022-04-23 17:11:24 - [ERROR] - Unathenticated action.
2022-04-23 17:11:26 - [ERROR] - Unathenticated action.
2022-04-23 17:12:04 - [INFO] - Server running on port 4000.
2022-04-23 17:12:05 - [INFO] - Connected to database succesfully.
2022-04-23 17:12:08 - [INFO] - Server running on port 4000.
2022-04-23 17:12:09 - [INFO] - Connected to database succesfully.
2022-04-23 17:12:12 - [ERROR] - Unathenticated action.
2022-04-23 17:12:12 - [ERROR] - Unathenticated action.
2022-04-23 17:12:15 - [ERROR] - Unathenticated action.
2022-04-23 17:12:21 - [ERROR] - Unathenticated action.
2022-04-23 17:12:25 - [ERROR] - Unathenticated action.
2022-04-23 17:12:32 - [ERROR] - Unathenticated action.
2022-04-23 17:12:32 - [ERROR] - Unathenticated action.
2022-04-23 17:12:44 - [INFO] - Server running on port 4000.
2022-04-23 17:12:45 - [INFO] - Server running on port 4000.
2022-04-23 17:12:46 - [INFO] - Connected to database succesfully.
2022-04-23 17:12:49 - [INFO] - Server running on port 4000.
2022-04-23 17:12:49 - [INFO] - Connected to database succesfully.
2022-04-23 17:13:18 - [ERROR] - Unathenticated action.
2022-04-23 17:13:22 - [ERROR] - User could not be fetched.
2022-04-23 17:13:27 - [ERROR] - Unathenticated action.
2022-04-23 17:13:31 - [ERROR] - User could not be fetched.
2022-04-23 17:13:32 - [ERROR] - User could not be fetched.
2022-04-23 17:14:12 - [ERROR] - Unathenticated action.
2022-04-23 17:14:19 - [ERROR] - User could not be fetched.
2022-04-23 17:14:19 - [ERROR] - User could not be fetched.
2022-04-23 17:14:19 - [ERROR] - User could not be fetched.
2022-04-23 17:14:28 - [ERROR] - User could not be fetched.
2022-04-23 17:14:28 - [ERROR] - User could not be fetched.
2022-04-23 17:14:28 - [ERROR] - Unathenticated action.
2022-04-23 17:14:32 - [ERROR] - User could not be fetched.
2022-04-23 17:14:32 - [ERROR] - User could not be fetched.
2022-04-23 17:14:32 - [ERROR] - User could not be fetched.
2022-04-23 17:14:32 - [ERROR] - User could not be fetched.
2022-04-23 17:14:49 - [ERROR] - Unathenticated action.
2022-04-23 17:16:34 - [INFO] - Server running on port 4000.
2022-04-23 17:16:35 - [INFO] - Connected to database succesfully.
2022-04-23 17:16:36 - [ERROR] - Unathenticated action.
2022-04-23 17:16:53 - [INFO] - Server running on port 4000.
2022-04-23 17:16:54 - [INFO] - Connected to database succesfully.
2022-04-23 17:17:07 - [INFO] - Server running on port 4000.
2022-04-23 17:17:08 - [INFO] - Connected to database succesfully.
2022-04-23 17:17:10 - [INFO] - Server running on port 4000.
2022-04-23 17:17:10 - [INFO] - Connected to database succesfully.
2022-04-23 17:17:13 - [INFO] - Server running on port 4000.
2022-04-23 17:17:13 - [INFO] - Connected to database succesfully.
2022-04-23 17:17:14 - [INFO] - Server running on port 4000.
2022-04-23 17:17:14 - [INFO] - Connected to database succesfully.
2022-04-23 17:17:26 - [INFO] - Server running on port 4000.
2022-04-23 17:17:26 - [INFO] - Connected to database succesfully.
2022-04-23 17:17:32 - [INFO] - Server running on port 4000.
2022-04-23 17:17:33 - [INFO] - Connected to database succesfully.
2022-04-23 17:17:36 - [ERROR] - Unathenticated action.
2022-04-23 17:17:48 - [INFO] - Server running on port 4000.
2022-04-23 17:17:49 - [INFO] - Connected to database succesfully.
2022-04-23 17:17:53 - [INFO] - Server running on port 4000.
2022-04-23 17:17:53 - [INFO] - Connected to database succesfully.
2022-04-23 17:18:12 - [ERROR] - User could not be fetched.
2022-04-23 17:18:13 - [ERROR] - User could not be fetched.
2022-04-23 17:18:19 - [ERROR] - User could not be fetched.
2022-04-23 17:18:23 - [ERROR] - User could not be fetched.
2022-04-23 17:18:24 - [ERROR] - User could not be fetched.
2022-04-23 17:18:25 - [ERROR] - User could not be fetched.
2022-04-23 17:18:25 - [ERROR] - User could not be fetched.
2022-04-23 17:19:27 - [INFO] - Server running on port 4000.
2022-04-23 17:19:28 - [INFO] - Connected to database succesfully.
2022-04-23 17:19:52 - [INFO] - Server running on port 4000.
2022-04-23 17:19:52 - [INFO] - Connected to database succesfully.
2022-04-23 17:19:54 - [INFO] - Server running on port 4000.
2022-04-23 17:19:55 - [INFO] - Connected to database succesfully.
2022-04-23 17:20:40 - [INFO] - Server running on port 4000.
2022-04-23 17:20:41 - [INFO] - Connected to database succesfully.
2022-04-23 17:20:48 - [ERROR] - User could not be fetched.
2022-04-23 17:20:49 - [ERROR] - User could not be fetched.
2022-04-23 17:20:49 - [ERROR] - User could not be fetched.
2022-04-23 17:20:49 - [ERROR] - User could not be fetched.
2022-04-23 17:20:49 - [ERROR] - User could not be fetched.
2022-04-23 17:20:51 - [ERROR] - User could not be fetched.
2022-04-23 17:20:54 - [ERROR] - User could not be fetched.
2022-04-23 17:20:54 - [ERROR] - User could not be fetched.
2022-04-23 17:20:54 - [ERROR] - User could not be fetched.
2022-04-23 17:20:58 - [ERROR] - User could not be fetched.
2022-04-23 17:21:07 - [INFO] - Server running on port 4000.
2022-04-23 17:21:08 - [INFO] - Connected to database succesfully.
2022-04-23 17:21:49 - [INFO] - Server running on port 4000.
2022-04-23 17:21:50 - [INFO] - Connected to database succesfully.
2022-04-23 17:21:52 - [INFO] - Server running on port 4000.
2022-04-23 17:21:52 - [INFO] - Connected to database succesfully.
2022-04-23 17:21:55 - [ERROR] - User could not be fetched.
2022-04-23 17:22:20 - [INFO] - Server running on port 4000.
2022-04-23 17:22:20 - [INFO] - Connected to database succesfully.
2022-04-23 17:22:37 - [INFO] - Server running on port 4000.
2022-04-23 17:22:38 - [INFO] - Connected to database succesfully.
2022-04-23 17:22:40 - [INFO] - Server running on port 4000.
2022-04-23 17:22:41 - [INFO] - Connected to database succesfully.
2022-04-23 17:22:44 - [ERROR] - User could not be fetched.
2022-04-23 17:24:48 - [INFO] - Server running on port 4000.
2022-04-23 17:24:50 - [INFO] - Connected to database succesfully.
2022-04-23 17:24:52 - [ERROR] - User could not be fetched.
2022-04-23 17:24:55 - [ERROR] - User could not be fetched.
2022-04-23 17:24:57 - [ERROR] - User could not be fetched.
2022-04-23 17:25:51 - [ERROR] - User could not be fetched.
2022-04-23 17:25:51 - [ERROR] - User could not be fetched.
2022-04-23 17:25:53 - [ERROR] - User could not be fetched.
2022-04-23 17:27:32 - [INFO] - Server running on port 4000.
2022-04-23 17:27:33 - [INFO] - Connected to database succesfully.
2022-04-23 17:27:36 - [INFO] - Server running on port 4000.
2022-04-23 17:27:36 - [INFO] - Connected to database succesfully.
2022-04-23 17:27:43 - [INFO] - Server running on port 4000.
2022-04-23 17:27:43 - [INFO] - Connected to database succesfully.
2022-04-23 17:28:02 - [INFO] - Server running on port 4000.
2022-04-23 17:28:03 - [INFO] - Connected to database succesfully.
2022-04-23 17:28:51 - [INFO] - Server running on port 4000.
2022-04-23 17:28:52 - [INFO] - Connected to database succesfully.
2022-04-23 17:29:37 - [INFO] - Server running on port 4000.
2022-04-23 17:29:37 - [INFO] - Connected to database succesfully.
2022-04-23 17:29:44 - [INFO] - Server running on port 4000.
2022-04-23 17:29:44 - [INFO] - Connected to database succesfully.
2022-04-23 17:29:48 - [INFO] - Server running on port 4000.
2022-04-23 17:29:49 - [INFO] - Connected to database succesfully.
2022-04-23 17:29:59 - [ERROR] - User could not be fetched.
2022-04-23 17:30:15 - [INFO] - Server running on port 4000.
2022-04-23 17:30:16 - [INFO] - Connected to database succesfully.
2022-04-23 17:30:28 - [INFO] - Server running on port 4000.
2022-04-23 17:30:28 - [INFO] - Connected to database succesfully.
2022-04-23 17:30:34 - [ERROR] - User could not be fetched.
2022-04-23 17:30:37 - [ERROR] - User could not be fetched.
2022-04-23 17:30:54 - [INFO] - Server running on port 4000.
2022-04-23 17:30:55 - [INFO] - Connected to database succesfully.
2022-04-23 17:30:59 - [INFO] - Server running on port 4000.
2022-04-23 17:30:59 - [INFO] - Connected to database succesfully.
2022-04-23 17:31:04 - [INFO] - Server running on port 4000.
2022-04-23 17:31:05 - [INFO] - Connected to database succesfully.
2022-04-23 17:31:21 - [INFO] - Server running on port 4000.
2022-04-23 17:31:22 - [INFO] - Connected to database succesfully.
2022-04-23 17:31:24 - [INFO] - Server running on port 4000.
2022-04-23 17:31:25 - [INFO] - Connected to database succesfully.
2022-04-23 17:39:59 - [INFO] - Server running on port 4000.
2022-04-23 17:39:59 - [INFO] - Connected to database succesfully.
2022-04-23 17:40:07 - [INFO] - Server running on port 4000.
2022-04-23 17:40:07 - [INFO] - Connected to database succesfully.
2022-04-23 17:40:58 - [INFO] - Server running on port 4000.
2022-04-23 17:40:59 - [INFO] - Connected to database succesfully.
2022-04-23 17:41:00 - [INFO] - Server running on port 4000.
2022-04-23 17:41:01 - [INFO] - Connected to database succesfully.
2022-04-23 17:41:04 - [INFO] - Server running on port 4000.
2022-04-23 17:41:05 - [INFO] - Connected to database succesfully.
2022-04-23 17:41:07 - [INFO] - Server running on port 4000.
2022-04-23 17:41:08 - [INFO] - Connected to database succesfully.
2022-04-23 17:41:18 - [INFO] - Server running on port 4000.
2022-04-23 17:41:18 - [INFO] - Connected to database succesfully.
2022-04-23 17:47:15 - [INFO] - Server running on port 4000.
2022-04-23 17:47:16 - [INFO] - Connected to database succesfully.
2022-04-23 17:47:19 - [INFO] - Server running on port 4000.
2022-04-23 17:47:20 - [INFO] - Connected to database succesfully.
2022-04-23 17:47:22 - [INFO] - Server running on port 4000.
2022-04-23 17:47:22 - [INFO] - Connected to database succesfully.
2022-04-23 17:47:24 - [INFO] - Server running on port 4000.
2022-04-23 17:47:25 - [INFO] - Connected to database succesfully.
2022-04-23 17:47:26 - [INFO] - Server running on port 4000.
2022-04-23 17:47:27 - [INFO] - Connected to database succesfully.
2022-04-23 17:47:31 - [INFO] - Server running on port 4000.
2022-04-23 17:47:31 - [INFO] - Connected to database succesfully.
2022-04-23 17:47:44 - [INFO] - Server running on port 4000.
2022-04-23 17:47:45 - [INFO] - Connected to database succesfully.
2022-04-23 17:47:53 - [INFO] - Server running on port 4000.
2022-04-23 17:47:53 - [INFO] - Connected to database succesfully.
2022-04-23 17:48:14 - [INFO] - Server running on port 4000.
2022-04-23 17:48:14 - [INFO] - Connected to database succesfully.
2022-04-23 17:48:20 - [INFO] - Server running on port 4000.
2022-04-23 17:48:21 - [INFO] - Connected to database succesfully.
2022-04-23 17:50:32 - [INFO] - Server running on port 4000.
2022-04-23 17:50:32 - [INFO] - Connected to database succesfully.
2022-04-23 17:50:47 - [INFO] - Server running on port 4000.
2022-04-23 17:50:47 - [INFO] - Connected to database succesfully.
2022-04-23 17:50:52 - [INFO] - Server running on port 4000.
2022-04-23 17:50:52 - [INFO] - Connected to database succesfully.
2022-04-23 17:51:25 - [INFO] - Server running on port 4000.
2022-04-23 17:51:26 - [INFO] - Connected to database succesfully.
2022-04-23 17:51:51 - [INFO] - Server running on port 4000.
2022-04-23 17:51:51 - [INFO] - Connected to database succesfully.
2022-04-23 17:53:15 - [INFO] - Server running on port 4000.
2022-04-23 17:53:16 - [INFO] - Connected to database succesfully.
2022-04-23 17:53:18 - [INFO] - Server running on port 4000.
2022-04-23 17:53:19 - [INFO] - Connected to database succesfully.
2022-04-23 17:53:35 - [INFO] - Server running on port 4000.
2022-04-23 17:53:36 - [INFO] - Connected to database succesfully.
2022-04-23 17:54:58 - [INFO] - Server running on port 4000.
2022-04-23 17:55:04 - [INFO] - Connected to database succesfully.
2022-04-23 17:55:25 - [INFO] - Server running on port 4000.
2022-04-23 17:55:27 - [INFO] - Connected to database succesfully.
2022-04-23 17:57:39 - [INFO] - Server running on port 4000.
2022-04-23 17:57:39 - [INFO] - Connected to database succesfully.
2022-04-23 17:58:01 - [INFO] - Server running on port 4000.
2022-04-23 17:58:01 - [INFO] - Connected to database succesfully.
2022-04-23 17:58:06 - [INFO] - Server running on port 4000.
2022-04-23 17:58:07 - [INFO] - Connected to database succesfully.
2022-04-23 17:58:08 - [INFO] - Server running on port 4000.
2022-04-23 17:58:08 - [INFO] - Connected to database succesfully.
2022-04-23 17:58:17 - [INFO] - Server running on port 4000.
2022-04-23 17:58:18 - [INFO] - Connected to database succesfully.
2022-04-23 17:58:27 - [INFO] - Server running on port 4000.
2022-04-23 17:58:28 - [INFO] - Connected to database succesfully.
2022-04-23 17:58:29 - [INFO] - Server running on port 4000.
2022-04-23 17:58:30 - [INFO] - Connected to database succesfully.
2022-04-23 17:58:40 - [INFO] - Server running on port 4000.
2022-04-23 17:58:41 - [INFO] - Connected to database succesfully.
2022-04-23 17:58:46 - [INFO] - Server running on port 4000.
2022-04-23 17:58:47 - [INFO] - Connected to database succesfully.
2022-04-23 17:58:50 - [INFO] - Server running on port 4000.
2022-04-23 17:58:51 - [INFO] - Connected to database succesfully.
2022-04-23 17:58:56 - [INFO] - Server running on port 4000.
2022-04-23 17:58:56 - [INFO] - Connected to database succesfully.
2022-04-23 17:58:59 - [INFO] - Server running on port 4000.
2022-04-23 17:59:00 - [INFO] - Connected to database succesfully.
2022-04-23 17:59:02 - [INFO] - Server running on port 4000.
2022-04-23 17:59:02 - [INFO] - Connected to database succesfully.
2022-04-23 17:59:04 - [INFO] - Server running on port 4000.
2022-04-23 17:59:05 - [INFO] - Connected to database succesfully.
2022-04-23 17:59:07 - [INFO] - Server running on port 4000.
2022-04-23 17:59:08 - [INFO] - Connected to database succesfully.
2022-04-23 17:59:09 - [INFO] - Server running on port 4000.
2022-04-23 17:59:09 - [INFO] - Connected to database succesfully.
2022-04-23 17:59:11 - [INFO] - Server running on port 4000.
2022-04-23 17:59:12 - [INFO] - Connected to database succesfully.
2022-04-23 17:59:36 - [INFO] - Server running on port 4000.
2022-04-23 17:59:36 - [INFO] - Connected to database succesfully.
2022-04-23 18:00:12 - [INFO] - Server running on port 4000.
2022-04-23 18:00:13 - [INFO] - Connected to database succesfully.
2022-04-23 18:00:17 - [INFO] - Server running on port 4000.
2022-04-23 18:00:18 - [INFO] - Connected to database succesfully.
2022-04-23 18:00:23 - [INFO] - Server running on port 4000.
2022-04-23 18:00:23 - [INFO] - Connected to database succesfully.
2022-04-23 18:00:25 - [INFO] - Server running on port 4000.
2022-04-23 18:00:26 - [INFO] - Connected to database succesfully.
2022-04-23 18:00:26 - [INFO] - Server running on port 4000.
2022-04-23 18:00:27 - [INFO] - Connected to database succesfully.
2022-04-23 18:00:28 - [INFO] - Server running on port 4000.
2022-04-23 18:00:29 - [INFO] - Connected to database succesfully.
2022-04-23 18:00:30 - [INFO] - Server running on port 4000.
2022-04-23 18:00:31 - [INFO] - Connected to database succesfully.
2022-04-23 18:00:37 - [INFO] - Server running on port 4000.
2022-04-23 18:00:37 - [INFO] - Connected to database succesfully.
2022-04-23 18:00:40 - [INFO] - Server running on port 4000.
2022-04-23 18:00:41 - [INFO] - Connected to database succesfully.
2022-04-23 18:00:43 - [INFO] - Server running on port 4000.
2022-04-23 18:00:43 - [INFO] - Connected to database succesfully.
2022-04-23 18:00:48 - [INFO] - Server running on port 4000.
2022-04-23 18:00:49 - [INFO] - Connected to database succesfully.
2022-04-23 18:00:51 - [ERROR] - User could not be fetched.
2022-04-23 18:01:27 - [INFO] - Server running on port 4000.
2022-04-23 18:01:28 - [INFO] - Connected to database succesfully.
2022-04-23 18:01:30 - [ERROR] - User could not be fetched.
2022-04-23 18:02:12 - [INFO] - Server running on port 4000.
2022-04-23 18:02:12 - [INFO] - Connected to database succesfully.
2022-04-23 18:02:16 - [ERROR] - User could not be fetched.
2022-04-23 18:03:21 - [INFO] - Server running on port 4000.
2022-04-23 18:03:22 - [INFO] - Connected to database succesfully.
2022-04-23 18:03:24 - [INFO] - Server running on port 4000.
2022-04-23 18:03:25 - [INFO] - Connected to database succesfully.
2022-04-23 18:03:25 - [ERROR] - User could not be fetched.
2022-04-23 18:03:40 - [INFO] - Server running on port 4000.
2022-04-23 18:03:41 - [INFO] - Connected to database succesfully.
2022-04-23 18:04:00 - [INFO] - Server running on port 4000.
2022-04-23 18:04:00 - [INFO] - Connected to database succesfully.
2022-04-23 18:04:03 - [INFO] - Server running on port 4000.
2022-04-23 18:04:03 - [INFO] - Connected to database succesfully.
2022-04-23 18:04:07 - [INFO] - Server running on port 4000.
2022-04-23 18:04:08 - [INFO] - Connected to database succesfully.
2022-04-23 18:04:11 - [ERROR] - User could not be fetched.
2022-04-23 18:04:18 - [INFO] - Server running on port 4000.
2022-04-23 18:04:19 - [INFO] - Connected to database succesfully.
2022-04-23 18:04:30 - [INFO] - Server running on port 4000.
2022-04-23 18:04:31 - [INFO] - Connected to database succesfully.
2022-04-23 18:04:34 - [ERROR] - User could not be fetched.
2022-04-23 18:24:06 - [INFO] - Server running on port 4000.
2022-04-23 18:24:06 - [INFO] - Connected to database succesfully.
2022-04-23 18:24:08 - [ERROR] - User could not be fetched.
2022-04-23 18:24:20 - [INFO] - Server running on port 4000.
2022-04-23 18:24:21 - [INFO] - Connected to database succesfully.
2022-04-23 18:24:23 - [ERROR] - User could not be fetched.
2022-04-23 18:25:41 - [INFO] - Server running on port 4000.
2022-04-23 18:25:42 - [INFO] - Connected to database succesfully.
2022-04-23 18:25:45 - [ERROR] - User could not be fetched.
2022-04-23 18:26:15 - [INFO] - Server running on port 4000.
2022-04-23 18:26:15 - [INFO] - Connected to database succesfully.
2022-04-23 18:26:31 - [INFO] - Server running on port 4000.
2022-04-23 18:26:32 - [INFO] - Connected to database succesfully.
2022-04-23 18:26:35 - [INFO] - Server running on port 4000.
2022-04-23 18:26:36 - [INFO] - Connected to database succesfully.
2022-04-23 18:26:41 - [INFO] - Server running on port 4000.
2022-04-23 18:26:41 - [INFO] - Connected to database succesfully.
2022-04-23 18:28:21 - [INFO] - Server running on port 4000.
2022-04-23 18:28:21 - [INFO] - Connected to database succesfully.
2022-04-23 18:28:27 - [INFO] - Server running on port 4000.
2022-04-23 18:28:29 - [INFO] - Server running on port 4000.
2022-04-23 18:28:31 - [INFO] - Server running on port 4000.
2022-04-23 18:28:33 - [INFO] - Connected to database succesfully.
2022-04-23 18:28:42 - [INFO] - Server running on port 4000.
2022-04-23 18:28:42 - [INFO] - Connected to database succesfully.
2022-04-23 18:29:39 - [INFO] - Server running on port 4000.
2022-04-23 18:29:40 - [INFO] - Connected to database succesfully.
2022-04-23 18:30:01 - [INFO] - Server running on port 4000.
2022-04-23 18:30:02 - [INFO] - Connected to database succesfully.
2022-04-23 18:30:37 - [ERROR] - Unathenticated action.
2022-04-23 18:30:40 - [ERROR] - User could not be fetched.
2022-04-23 18:30:43 - [ERROR] - Unathenticated action.
2022-04-23 18:31:18 - [INFO] - Server running on port 4000.
2022-04-23 18:31:19 - [INFO] - Server running on port 4000.
2022-04-23 18:31:20 - [INFO] - Connected to database succesfully.
2022-04-23 18:31:24 - [INFO] - Server running on port 4000.
2022-04-23 18:31:25 - [INFO] - Connected to database succesfully.
2022-04-23 18:31:29 - [INFO] - Server running on port 4000.
2022-04-23 18:31:30 - [INFO] - Connected to database succesfully.
2022-04-23 18:31:41 - [INFO] - Server running on port 4000.
2022-04-23 18:31:41 - [INFO] - Connected to database succesfully.
2022-04-23 18:32:06 - [INFO] - Server running on port 4000.
2022-04-23 18:32:06 - [INFO] - Connected to database succesfully.
2022-04-23 18:32:07 - [ERROR] - User could not be fetched.
2022-04-23 18:32:13 - [INFO] - Server running on port 4000.
2022-04-23 18:32:14 - [INFO] - Connected to database succesfully.
2022-04-23 18:32:15 - [ERROR] - Unathenticated action.
2022-04-23 18:32:17 - [ERROR] - Unathenticated action.
2022-04-23 18:32:19 - [ERROR] - Unathenticated action.
2022-04-23 18:32:31 - [ERROR] - User could not be fetched.
2022-04-23 18:32:39 - [INFO] - Server running on port 4000.
2022-04-23 18:32:40 - [INFO] - Connected to database succesfully.
2022-04-23 18:32:41 - [ERROR] - User could not be fetched.
2022-04-23 18:36:46 - [INFO] - Server running on port 4000.
2022-04-23 18:36:47 - [INFO] - Connected to database succesfully.
2022-04-23 18:36:49 - [ERROR] - User could not be fetched.
2022-04-23 18:37:26 - [INFO] - Server running on port 4000.
2022-04-23 18:37:27 - [INFO] - Connected to database succesfully.
2022-04-23 18:38:31 - [INFO] - Server running on port 4000.
2022-04-23 18:38:32 - [INFO] - Connected to database succesfully.
2022-04-23 18:38:41 - [INFO] - Server running on port 4000.
2022-04-23 18:38:42 - [INFO] - Connected to database succesfully.
2022-04-23 18:38:54 - [INFO] - Server running on port 4000.
2022-04-23 18:38:55 - [INFO] - Connected to database succesfully.
2022-04-23 18:39:09 - [INFO] - Server running on port 4000.
2022-04-23 18:39:09 - [INFO] - Connected to database succesfully.
2022-04-23 18:39:15 - [INFO] - Server running on port 4000.
2022-04-23 18:39:15 - [INFO] - Connected to database succesfully.
2022-04-23 18:41:01 - [INFO] - Server running on port 4000.
2022-04-23 18:41:02 - [INFO] - Connected to database succesfully.
2022-04-23 18:41:04 - [INFO] - Server running on port 4000.
2022-04-23 18:41:05 - [INFO] - Connected to database succesfully.
2022-04-23 18:50:34 - [INFO] - Server running on port 4000.
2022-04-23 18:50:35 - [INFO] - Connected to database succesfully.
2022-04-23 18:50:43 - [INFO] - Server running on port 4000.
2022-04-23 18:50:44 - [INFO] - Connected to database succesfully.
2022-04-23 18:50:45 - [INFO] - Server running on port 4000.
2022-04-23 18:50:46 - [INFO] - Connected to database succesfully.
2022-04-23 18:50:48 - [INFO] - Server running on port 4000.
2022-04-23 18:50:48 - [INFO] - Connected to database succesfully.
2022-04-23 18:50:49 - [INFO] - Server running on port 4000.
2022-04-23 18:50:50 - [INFO] - Connected to database succesfully.
2022-04-23 18:50:57 - [INFO] - Server running on port 4000.
2022-04-23 18:50:58 - [INFO] - Connected to database succesfully.
2022-04-23 18:51:05 - [INFO] - Server running on port 4000.
2022-04-23 18:51:05 - [INFO] - Connected to database succesfully.
2022-04-23 18:51:13 - [INFO] - Server running on port 4000.
2022-04-23 18:51:14 - [INFO] - Connected to database succesfully.
2022-04-23 18:54:58 - [INFO] - Server running on port 4000.
2022-04-23 18:54:59 - [INFO] - Connected to database succesfully.
2022-04-23 18:55:25 - [INFO] - Server running on port 4000.
2022-04-23 18:55:26 - [INFO] - Connected to database succesfully.
2022-04-23 19:28:58 - [INFO] - Server running on port 4000.
2022-04-23 19:29:00 - [INFO] - Connected to database succesfully.
2022-04-23 19:29:01 - [INFO] - Server running on port 4000.
2022-04-23 19:29:03 - [INFO] - Connected to database succesfully.
2022-04-23 19:29:10 - [ERROR] - Unathenticated action.
2022-04-23 20:15:31 - [INFO] - Server running on port 4000.
2022-04-23 20:15:32 - [INFO] - Connected to database succesfully.
2022-04-23 20:15:49 - [INFO] - Server running on port 4000.
2022-04-23 20:15:49 - [INFO] - Connected to database succesfully.
2022-04-23 20:29:38 - [INFO] - Server running on port 4000.
2022-04-23 20:29:39 - [INFO] - Connected to database succesfully.
2022-04-23 20:29:57 - [INFO] - Server running on port 4000.
2022-04-23 20:29:58 - [INFO] - Connected to database succesfully.
2022-04-23 20:30:01 - [INFO] - Server running on port 4000.
2022-04-23 20:30:02 - [INFO] - Connected to database succesfully.
2022-04-23 20:30:09 - [INFO] - Server running on port 4000.
2022-04-23 20:30:10 - [INFO] - Connected to database succesfully.
2022-04-23 20:30:18 - [INFO] - Server running on port 4000.
2022-04-23 20:30:19 - [INFO] - Connected to database succesfully.
2022-04-23 20:30:20 - [INFO] - Server running on port 4000.
2022-04-23 20:30:20 - [INFO] - Connected to database succesfully.
2022-04-23 20:30:25 - [INFO] - Server running on port 4000.
2022-04-23 20:30:26 - [INFO] - Connected to database succesfully.
2022-04-23 20:30:30 - [INFO] - Server running on port 4000.
2022-04-23 20:30:30 - [INFO] - Connected to database succesfully.
2022-04-23 20:30:34 - [INFO] - Server running on port 4000.
2022-04-23 20:30:35 - [INFO] - Connected to database succesfully.
2022-04-23 20:30:42 - [INFO] - Server running on port 4000.
2022-04-23 20:30:43 - [INFO] - Connected to database succesfully.
2022-04-23 20:30:49 - [INFO] - Server running on port 4000.
2022-04-23 20:30:50 - [INFO] - Connected to database succesfully.
2022-04-23 20:30:56 - [INFO] - Server running on port 4000.
2022-04-23 20:30:56 - [INFO] - Connected to database succesfully.
2022-04-23 20:30:57 - [INFO] - Server running on port 4000.
2022-04-23 20:30:58 - [INFO] - Connected to database succesfully.
2022-04-23 20:34:10 - [INFO] - Server running on port 4000.
2022-04-23 20:34:11 - [INFO] - Connected to database succesfully.
2022-04-23 20:34:13 - [INFO] - Server running on port 4000.
2022-04-23 20:34:14 - [INFO] - Connected to database succesfully.
2022-04-23 20:34:17 - [INFO] - Server running on port 4000.
2022-04-23 20:34:17 - [INFO] - Connected to database succesfully.
2022-04-23 20:34:21 - [INFO] - Server running on port 4000.
2022-04-23 20:34:22 - [INFO] - Connected to database succesfully.
2022-04-23 20:34:27 - [INFO] - Server running on port 4000.
2022-04-23 20:34:27 - [INFO] - Connected to database succesfully.
2022-04-23 20:34:37 - [INFO] - Server running on port 4000.
2022-04-23 20:34:38 - [INFO] - Connected to database succesfully.
2022-04-23 20:34:40 - [INFO] - Server running on port 4000.
2022-04-23 20:34:41 - [INFO] - Connected to database succesfully.
2022-04-23 20:34:45 - [INFO] - Server running on port 4000.
2022-04-23 20:34:46 - [INFO] - Connected to database succesfully.
2022-04-23 20:34:51 - [INFO] - Server running on port 4000.
2022-04-23 20:34:52 - [INFO] - Connected to database succesfully.
2022-04-23 20:35:14 - [INFO] - Server running on port 4000.
2022-04-23 20:35:15 - [INFO] - Connected to database succesfully.
2022-04-23 20:37:03 - [INFO] - Server running on port 4000.
2022-04-23 20:37:04 - [INFO] - Connected to database succesfully.
2022-04-23 20:37:10 - [INFO] - Server running on port 4000.
2022-04-23 20:37:11 - [INFO] - Connected to database succesfully.
2022-04-23 20:37:12 - [INFO] - Server running on port 4000.
2022-04-23 20:37:12 - [INFO] - Connected to database succesfully.
2022-04-23 20:37:17 - [INFO] - Server running on port 4000.
2022-04-23 20:37:17 - [INFO] - Connected to database succesfully.
2022-04-23 20:37:19 - [INFO] - Server running on port 4000.
2022-04-23 20:37:20 - [INFO] - Connected to database succesfully.
2022-04-23 20:37:22 - [INFO] - Server running on port 4000.
2022-04-23 20:37:23 - [INFO] - Connected to database succesfully.
2022-04-23 20:38:12 - [INFO] - Server running on port 4000.
2022-04-23 20:38:13 - [INFO] - Connected to database succesfully.
2022-04-23 20:38:16 - [INFO] - Server running on port 4000.
2022-04-23 20:38:17 - [INFO] - Connected to database succesfully.
2022-04-23 20:38:20 - [INFO] - Server running on port 4000.
2022-04-23 20:38:20 - [INFO] - Connected to database succesfully.
2022-04-23 20:44:45 - [INFO] - Server running on port 4000.
2022-04-23 20:44:45 - [INFO] - Connected to database succesfully.
2022-04-23 20:44:56 - [INFO] - Server running on port 4000.
2022-04-23 20:44:57 - [INFO] - Connected to database succesfully.
2022-04-23 20:49:43 - [INFO] - Server running on port 4000.
2022-04-23 20:49:44 - [INFO] - Connected to database succesfully.
2022-04-23 20:49:46 - [INFO] - Server running on port 4000.
2022-04-23 20:49:46 - [INFO] - Connected to database succesfully.
2022-04-23 21:27:56 - [INFO] - Server running on port 4000.
2022-04-23 21:27:57 - [INFO] - Connected to database succesfully.
2022-04-23 21:28:01 - [INFO] - Server running on port 4000.
2022-04-23 21:28:01 - [INFO] - Connected to database succesfully.
2022-04-23 21:28:02 - [INFO] - Server running on port 4000.
2022-04-23 21:28:03 - [INFO] - Connected to database succesfully.
2022-04-23 21:28:08 - [INFO] - Server running on port 4000.
2022-04-23 21:28:09 - [INFO] - Connected to database succesfully.
2022-04-23 21:28:25 - [INFO] - Server running on port 4000.
2022-04-23 21:28:27 - [INFO] - Connected to database succesfully.
2022-04-23 21:28:28 - [INFO] - Server running on port 4000.
2022-04-23 21:28:29 - [INFO] - Connected to database succesfully.
2022-04-23 21:28:35 - [INFO] - Server running on port 4000.
2022-04-23 21:28:36 - [INFO] - Connected to database succesfully.
2022-04-23 21:28:39 - [INFO] - Server running on port 4000.
2022-04-23 21:28:40 - [INFO] - Connected to database succesfully.
2022-04-23 21:28:45 - [INFO] - Server running on port 4000.
2022-04-23 21:28:45 - [INFO] - Connected to database succesfully.
2022-04-23 22:19:44 - [INFO] - Server running on port 4000.
2022-04-23 22:19:45 - [INFO] - Connected to database succesfully.
2022-04-23 22:19:47 - [INFO] - Server running on port 4000.
2022-04-23 22:19:48 - [INFO] - Connected to database succesfully.
2022-04-23 22:19:49 - [INFO] - Server running on port 4000.
2022-04-23 22:19:50 - [INFO] - Connected to database succesfully.
2022-04-23 22:19:51 - [INFO] - Server running on port 4000.
2022-04-23 22:19:52 - [INFO] - Connected to database succesfully.
2022-04-23 22:19:58 - [INFO] - Server running on port 4000.
2022-04-23 22:19:59 - [INFO] - Connected to database succesfully.
2022-04-23 22:20:01 - [INFO] - Server running on port 4000.
2022-04-23 22:20:02 - [INFO] - Connected to database succesfully.
2022-04-23 22:20:40 - [INFO] - Server running on port 4000.
2022-04-23 22:20:41 - [INFO] - Connected to database succesfully.
2022-04-23 22:21:57 - [INFO] - Server running on port 4000.
2022-04-23 22:21:58 - [INFO] - Connected to database succesfully.
2022-04-23 22:24:30 - [INFO] - Server running on port 4000.
2022-04-23 22:24:31 - [ERROR] - Could not connect to database.
2022-04-23 22:45:00 - [INFO] - Server running on port 4000.
2022-04-23 22:45:02 - [INFO] - Connected to database succesfully.
2022-04-23 22:46:13 - [INFO] - Server running on port 4000.
2022-04-23 22:46:15 - [INFO] - Server running on port 4000.
2022-04-23 22:46:22 - [INFO] - Connected to database succesfully.
2022-04-23 22:47:17 - [INFO] - Server running on port 4000.
2022-04-23 22:47:19 - [INFO] - Connected to database succesfully.
2022-04-23 22:47:22 - [INFO] - Server running on port 4000.
2022-04-23 22:47:26 - [INFO] - Server running on port 4000.
2022-04-23 22:47:29 - [INFO] - Connected to database succesfully.
2022-04-23 22:47:36 - [INFO] - Server running on port 4000.
2022-04-23 22:47:38 - [INFO] - Connected to database succesfully.
2022-04-23 23:41:12 - [INFO] - Server running on port 4000.
2022-04-23 23:41:13 - [INFO] - Connected to database succesfully.
2022-04-23 23:45:38 - [INFO] - Server running on port 4000.
2022-04-23 23:45:39 - [INFO] - Connected to database succesfully.
2022-04-23 23:45:59 - [INFO] - Server running on port 4000.
2022-04-23 23:46:00 - [INFO] - Connected to database succesfully.
2022-04-23 23:46:10 - [INFO] - Server running on port 4000.
2022-04-23 23:46:11 - [INFO] - Connected to database succesfully.
2022-04-24 14:26:15 - [INFO] - Server running on port 4000.
2022-04-24 14:26:16 - [INFO] - Connected to database succesfully.
2022-04-24 14:26:33 - [INFO] - Server running on port 4000.
2022-04-24 14:26:34 - [INFO] - Connected to database succesfully.
2022-04-24 14:26:49 - [INFO] - Server running on port 4000.
2022-04-24 14:26:50 - [INFO] - Connected to database succesfully.
2022-04-24 14:27:01 - [INFO] - Server running on port 4000.
2022-04-24 14:27:01 - [INFO] - Connected to database succesfully.
2022-04-24 14:27:02 - [INFO] - Server running on port 4000.
2022-04-24 14:27:03 - [INFO] - Connected to database succesfully.
2022-04-24 14:27:16 - [INFO] - Server running on port 4000.
2022-04-24 14:27:16 - [INFO] - Connected to database succesfully.
2022-04-24 14:27:19 - [INFO] - Server running on port 4000.
2022-04-24 14:27:19 - [INFO] - Connected to database succesfully.
2022-04-24 14:27:22 - [INFO] - Server running on port 4000.
2022-04-24 14:27:23 - [INFO] - Connected to database succesfully.
2022-04-24 14:27:25 - [INFO] - Server running on port 4000.
2022-04-24 14:27:25 - [INFO] - Connected to database succesfully.
2022-04-24 14:27:26 - [INFO] - Server running on port 4000.
2022-04-24 14:27:27 - [INFO] - Connected to database succesfully.
2022-04-24 14:27:28 - [INFO] - Server running on port 4000.
2022-04-24 14:27:29 - [INFO] - Connected to database succesfully.
2022-04-24 14:27:49 - [INFO] - Server running on port 4000.
2022-04-24 14:27:49 - [INFO] - Connected to database succesfully.
2022-04-24 14:27:54 - [INFO] - Server running on port 4000.
2022-04-24 14:27:54 - [INFO] - Connected to database succesfully.
2022-04-24 14:28:20 - [INFO] - Server running on port 4000.
2022-04-24 14:28:21 - [INFO] - Connected to database succesfully.
2022-04-24 14:33:32 - [INFO] - Server running on port 4000.
2022-04-24 14:33:33 - [INFO] - Connected to database succesfully.
2022-04-24 14:33:37 - [INFO] - Server running on port 4000.
2022-04-24 14:33:38 - [INFO] - Connected to database succesfully.
2022-04-24 14:33:40 - [INFO] - Server running on port 4000.
2022-04-24 14:33:40 - [INFO] - Connected to database succesfully.
2022-04-24 14:34:15 - [INFO] - Server running on port 4000.
2022-04-24 14:34:15 - [INFO] - Connected to database succesfully.
2022-04-24 15:18:40 - [INFO] - Server running on port 4000.
2022-04-24 15:18:40 - [INFO] - Connected to database succesfully.
2022-04-24 15:18:42 - [INFO] - Server running on port 4000.
2022-04-24 15:18:43 - [INFO] - Connected to database succesfully.
2022-04-24 16:01:07 - [INFO] - Server running on port 4000.
2022-04-24 16:01:08 - [INFO] - Connected to database succesfully.
2022-04-24 16:01:10 - [INFO] - Server running on port 4000.
2022-04-24 16:01:11 - [INFO] - Connected to database succesfully.
2022-04-24 16:01:16 - [INFO] - Server running on port 4000.
2022-04-24 16:01:16 - [INFO] - Connected to database succesfully.
2022-04-24 16:01:17 - [INFO] - Server running on port 4000.
2022-04-24 16:01:18 - [INFO] - Connected to database succesfully.
2022-04-24 16:01:33 - [INFO] - Server running on port 4000.
2022-04-24 16:01:33 - [INFO] - Connected to database succesfully.
2022-04-24 16:01:43 - [INFO] - Server running on port 4000.
2022-04-24 16:01:43 - [INFO] - Connected to database succesfully.
2022-04-24 16:01:44 - [INFO] - Server running on port 4000.
2022-04-24 16:01:45 - [INFO] - Connected to database succesfully.
2022-04-24 16:01:57 - [INFO] - Server running on port 4000.
2022-04-24 16:01:58 - [INFO] - Connected to database succesfully.
2022-04-24 16:02:09 - [INFO] - Server running on port 4000.
2022-04-24 16:02:10 - [INFO] - Connected to database succesfully.
2022-04-24 16:02:14 - [INFO] - Server running on port 4000.
2022-04-24 16:02:14 - [INFO] - Connected to database succesfully.
2022-04-24 16:02:17 - [INFO] - Server running on port 4000.
2022-04-24 16:02:18 - [INFO] - Connected to database succesfully.
2022-04-24 16:02:19 - [INFO] - Server running on port 4000.
2022-04-24 16:02:20 - [INFO] - Connected to database succesfully.
2022-04-24 16:02:20 - [INFO] - Server running on port 4000.
2022-04-24 16:02:21 - [INFO] - Connected to database succesfully.
2022-04-24 16:02:22 - [INFO] - Server running on port 4000.
2022-04-24 16:02:23 - [INFO] - Connected to database succesfully.
2022-04-24 16:02:24 - [INFO] - Server running on port 4000.
2022-04-24 16:02:24 - [INFO] - Connected to database succesfully.
2022-04-24 16:02:29 - [INFO] - Server running on port 4000.
2022-04-24 16:02:29 - [INFO] - Connected to database succesfully.
2022-04-24 16:02:35 - [INFO] - Server running on port 4000.
2022-04-24 16:02:36 - [INFO] - Connected to database succesfully.
2022-04-24 16:02:38 - [INFO] - Server running on port 4000.
2022-04-24 16:02:39 - [INFO] - Connected to database succesfully.
2022-04-24 16:02:44 - [INFO] - Server running on port 4000.
2022-04-24 16:02:45 - [INFO] - Connected to database succesfully.
2022-04-24 16:02:58 - [INFO] - Server running on port 4000.
2022-04-24 16:02:59 - [INFO] - Connected to database succesfully.
2022-04-24 16:03:15 - [INFO] - Server running on port 4000.
2022-04-24 16:03:16 - [INFO] - Connected to database succesfully.
2022-04-24 16:03:22 - [INFO] - Server running on port 4000.
2022-04-24 16:03:23 - [INFO] - Connected to database succesfully.
2022-04-24 16:03:30 - [INFO] - Server running on port 4000.
2022-04-24 16:03:31 - [INFO] - Connected to database succesfully.
2022-04-24 16:03:32 - [INFO] - Server running on port 4000.
2022-04-24 16:03:33 - [INFO] - Connected to database succesfully.
2022-04-24 16:03:35 - [INFO] - Server running on port 4000.
2022-04-24 16:03:35 - [INFO] - Connected to database succesfully.
2022-04-24 16:03:37 - [INFO] - Server running on port 4000.
2022-04-24 16:03:38 - [INFO] - Connected to database succesfully.
2022-04-24 16:03:40 - [INFO] - Server running on port 4000.
2022-04-24 16:03:41 - [INFO] - Connected to database succesfully.
2022-04-24 16:03:47 - [INFO] - Server running on port 4000.
2022-04-24 16:03:47 - [INFO] - Connected to database succesfully.
2022-04-24 16:03:48 - [INFO] - Server running on port 4000.
2022-04-24 16:03:49 - [INFO] - Connected to database succesfully.
2022-04-24 16:03:49 - [INFO] - Server running on port 4000.
2022-04-24 16:03:50 - [INFO] - Connected to database succesfully.
2022-04-24 16:03:54 - [INFO] - Server running on port 4000.
2022-04-24 16:03:55 - [INFO] - Connected to database succesfully.
2022-04-24 16:03:59 - [INFO] - Server running on port 4000.
2022-04-24 16:03:59 - [INFO] - Connected to database succesfully.
2022-04-24 16:04:01 - [INFO] - Server running on port 4000.
2022-04-24 16:04:02 - [INFO] - Connected to database succesfully.
2022-04-24 16:04:08 - [INFO] - Server running on port 4000.
2022-04-24 16:04:09 - [INFO] - Connected to database succesfully.
2022-04-24 16:04:10 - [INFO] - Server running on port 4000.
2022-04-24 16:04:11 - [INFO] - Connected to database succesfully.
2022-04-24 16:04:35 - [INFO] - Server running on port 4000.
2022-04-24 16:04:36 - [INFO] - Connected to database succesfully.
2022-04-24 16:04:48 - [INFO] - Server running on port 4000.
2022-04-24 16:04:48 - [INFO] - Connected to database succesfully.
2022-04-24 16:05:19 - [INFO] - Server running on port 4000.
2022-04-24 16:05:20 - [INFO] - Connected to database succesfully.
2022-04-24 16:05:22 - [INFO] - Server running on port 4000.
2022-04-24 16:05:22 - [INFO] - Connected to database succesfully.
2022-04-24 16:05:33 - [INFO] - Server running on port 4000.
2022-04-24 16:05:34 - [INFO] - Connected to database succesfully.
2022-04-24 16:05:44 - [INFO] - Server running on port 4000.
2022-04-24 16:05:45 - [INFO] - Connected to database succesfully.
2022-04-24 16:05:51 - [INFO] - Server running on port 4000.
2022-04-24 16:05:52 - [INFO] - Connected to database succesfully.
2022-04-25 00:50:16 - [INFO] - Server running on port 4000.
2022-04-25 00:50:17 - [INFO] - Connected to database succesfully.
2022-04-25 23:09:18 - [INFO] - Server running on port 4000.
2022-04-25 23:09:37 - [INFO] - Connected to database succesfully.
2022-04-26 02:47:45 - [INFO] - Server running on port 4000.
2022-04-26 02:47:46 - [INFO] - Connected to database succesfully.
2022-04-27 03:59:25 - [INFO] - Server running on port 4000.
2022-04-27 03:59:26 - [INFO] - Connected to database succesfully.
2022-04-28 02:50:02 - [INFO] - Server running on port 4000.
2022-04-28 02:50:03 - [INFO] - Connected to database succesfully.
